<?xml version="1.0" encoding="UTF-8"?>
<!-- Generated by org.testng.reporters.JUnitReportReporter -->
<testsuite hostname="LAPTOP-TKMEP63N" failures="0" tests="1" name="com.inetbanking.testcases.TC_001_LoginTest" time="2.141" errors="0" timestamp="2022-03-22T09:30:58 IST" skipped="0">
  <testcase classname="com.inetbanking.testcases.TC_001_LoginTest" name="loginTest" time="2.141"/>
  <system-out/>
</testsuite> <!-- com.inetbanking.testcases.TC_001_LoginTest -->
